<?xml version="1.0" encoding="UTF-8"?>
<!-- Generated by org.testng.reporters.JUnitReportReporter -->
<testsuite hostname="Salapang-PC" failures="0" tests="4" name="ApiUnitTesting" time="6.497" errors="0" timestamp="2021-05-17T01:51:10 CST" skipped="0">
  <testcase classname="ApiUnitTesting" name="testing2patch" time="1.433"/>
  <system-out/>
  <testcase classname="ApiUnitTesting" name="testing3get" time="0.650"/>
  <system-out/>
  <testcase classname="ApiUnitTesting" name="testing1post" time="3.216"/>
  <system-out/>
  <testcase classname="ApiUnitTesting" name="testing4delete" time="1.198"/>
  <system-out/>
</testsuite> <!-- ApiUnitTesting -->
