<?xml version="1.0" encoding="UTF-8"?>
<!-- Generated by org.testng.reporters.JUnitReportReporter -->
<testsuite hostname="Salapang-PC" failures="0" tests="1" name="ApiUnitTesting" time="2.902" errors="0" timestamp="2021-05-17T01:41:05 CST" skipped="0">
  <testcase classname="ApiUnitTesting" name="testingpost" time="2.902"/>
  <system-out/>
</testsuite> <!-- ApiUnitTesting -->
